#
# There is insufficient memory for the Java Runtime Environment to continue.
# Native memory allocation (malloc) failed to allocate 1021616 bytes for Chunk::new
# Possible reasons:
#   The system is out of physical RAM or swap space
#   In 32 bit mode, the process size limit was hit
# Possible solutions:
#   Reduce memory load on the system
#   Increase physical memory or swap space
#   Check if swap backing store is full
#   Use 64 bit Java on a 64 bit OS
#   Decrease Java heap size (-Xmx/-Xms)
#   Decrease number of Java threads
#   Decrease Java thread stack sizes (-Xss)
#   Set larger code cache with -XX:ReservedCodeCacheSize=
# This output file may be truncated or incomplete.
#
#  Out of Memory Error (allocation.cpp:390), pid=15952, tid=0x000000000000279c
#
# JRE version: Java(TM) SE Runtime Environment (8.0_181-b13) (build 1.8.0_181-b13)
# Java VM: Java HotSpot(TM) 64-Bit Server VM (25.181-b13 mixed mode windows-amd64 compressed oops)
# Failed to write core dump. Minidumps are not enabled by default on client versions of Windows
#

---------------  T H R E A D  ---------------

Current thread (0x0000000019bda000):  JavaThread "C2 CompilerThread1" daemon [_thread_in_native, id=10140, stack(0x000000001a490000,0x000000001a590000)]

Stack: [0x000000001a490000,0x000000001a590000]
[error occurred during error reporting (printing stack bounds), id 0xc0000005]

Native frames: (J=compiled Java code, j=interpreted, Vv=VM code, C=native code)


Current CompileTask:
C2:    436  194       4       java.io.WinNTFileSystem::normalize (143 bytes)


---------------  P R O C E S S  ---------------

Java Threads: ( => current thread )
  0x0000000019c82000 JavaThread "Service Thread" daemon [_thread_blocked, id=17092, stack(0x000000001a790000,0x000000001a890000)]
  0x0000000019bf0800 JavaThread "C1 CompilerThread3" daemon [_thread_blocked, id=12820, stack(0x000000001a690000,0x000000001a790000)]
  0x0000000019bdb800 JavaThread "C2 CompilerThread2" daemon [_thread_blocked, id=12172, stack(0x000000001a590000,0x000000001a690000)]
=>0x0000000019bda000 JavaThread "C2 CompilerThread1" daemon [_thread_in_native, id=10140, stack(0x000000001a490000,0x000000001a590000)]
  0x0000000019bd7000 JavaThread "C2 CompilerThread0" daemon [_thread_in_native, id=7600, stack(0x000000001a390000,0x000000001a490000)]
  0x0000000019bd1800 JavaThread "Attach Listener" daemon [_thread_blocked, id=19476, stack(0x000000001a290000,0x000000001a390000)]
  0x0000000019bd0800 JavaThread "Signal Dispatcher" daemon [_thread_blocked, id=8788, stack(0x000000001a190000,0x000000001a290000)]
  0x0000000019bc0800 JavaThread "Finalizer" daemon [_thread_blocked, id=16036, stack(0x0000000019fa0000,0x000000001a0a0000)]
  0x0000000002e0e000 JavaThread "Reference Handler" daemon [_thread_blocked, id=17652, stack(0x0000000019aa0000,0x0000000019ba0000)]
  0x0000000002d16800 JavaThread "main" [_thread_in_native, id=1964, stack(0x0000000002bf0000,0x0000000002cf0000)]

Other Threads:
  0x0000000017cd9800 VMThread [stack: 0x00000000199a0000,0x0000000019aa0000] [id=18704]
  0x0000000019cc5800 WatcherThread [stack: 0x000000001a890000,0x000000001a990000] [id=19852]

VM state:not at safepoint (normal execution)

VM Mutex/Monitor currently owned by a thread: None

Heap:
 PSYoungGen      total 37888K, used 9179K [0x00000000d6600000, 0x00000000d9000000, 0x0000000100000000)
  eden space 32768K, 28% used [0x00000000d6600000,0x00000000d6ef6e80,0x00000000d8600000)
  from space 5120K, 0% used [0x00000000d8b00000,0x00000000d8b00000,0x00000000d9000000)
  to   space 5120K, 0% used [0x00000000d8600000,0x00000000d8600000,0x00000000d8b00000)
 ParOldGen       total 86016K, used 0K [0x0000000083200000, 0x0000000088600000, 0x00000000d6600000)
  object space 86016K, 0% used [0x0000000083200000,0x0000000083200000,0x0000000088600000)
 Metaspace       used 3981K, capacity 5012K, committed 5120K, reserved 1056768K
  class space    used 452K, capacity 456K, committed 512K, reserved 1048576K

Card table byte_map: [0x00000000121d0000,0x00000000125c0000] byte_map_base: 0x0000000011db7000

Marking Bits: (ParMarkBitMap*) 0x0000000063f12d00
 Begin Bits: [0x0000000013060000, 0x0000000014f98000)
 End Bits:   [0x0000000014f98000, 0x0000000016ed0000)

Polling page: 0x0000000000f10000

CodeCache: size=245760Kb used=1810Kb max_used=1822Kb free=243949Kb
 bounds [0x0000000002e10000, 0x0000000003080000, 0x0000000011e10000]
 total_blobs=500 nmethods=263 adapters=150
 compilation: enabled

Compilation events (10 events):
Event: 0.409 Thread 0x0000000019bdb800 nmethod 255 0x0000000002fcc3d0 code [0x0000000002fcc520, 0x0000000002fcc738]
Event: 0.409 Thread 0x0000000019bdb800  259       4       java.lang.AbstractStringBuilder::append (50 bytes)
Event: 0.409 Thread 0x0000000019bf0800  261   !   3       sun.misc.URLClassPath$JarLoader::getResource (353 bytes)
Event: 0.411 Thread 0x0000000019bf0800 nmethod 261 0x0000000002fd1c10 code [0x0000000002fd2040, 0x0000000002fd3fb8]
Event: 0.411 Thread 0x0000000019bf0800  263       3       java.util.jar.Attributes::getValue (9 bytes)
Event: 0.411 Thread 0x0000000019bf0800 nmethod 263 0x0000000002fcdf10 code [0x0000000002fce080, 0x0000000002fce3e8]
Event: 0.411 Thread 0x0000000019bf0800  264       3       java.util.jar.Attributes::get (11 bytes)
Event: 0.412 Thread 0x0000000019bf0800 nmethod 264 0x0000000002fcdad0 code [0x0000000002fcdc40, 0x0000000002fcde68]
Event: 0.413 Thread 0x0000000019bdb800 nmethod 259 0x0000000002fcd1d0 code [0x0000000002fcd320, 0x0000000002fcd738]
Event: 0.413 Thread 0x0000000019bdb800  262       4       java.util.zip.ZipCoder::getBytes (192 bytes)

GC Heap History (0 events):
No events

Deoptimization events (1 events):
Event: 0.161 Thread 0x0000000002d16800 Uncommon trap: reason=unstable_if action=reinterpret pc=0x0000000002f1d5a0 method=java.lang.String.hashCode()I @ 14

Classes redefined (0 events):
No events

Internal exceptions (8 events):
Event: 0.028 Thread 0x0000000002d16800 Exception <a 'java/lang/NoSuchMethodError': Method sun.misc.Unsafe.defineClass(Ljava/lang/String;[BII)Ljava/lang/Class; name or signature does not match> (0x00000000d6607cb0) thrown at [C:\re\workspace\8-2-build-windows-amd64-cygwin\jdk8u181\11358\hotspot
Event: 0.028 Thread 0x0000000002d16800 Exception <a 'java/lang/NoSuchMethodError': Method sun.misc.Unsafe.prefetchRead(Ljava/lang/Object;J)V name or signature does not match> (0x00000000d6607f98) thrown at [C:\re\workspace\8-2-build-windows-amd64-cygwin\jdk8u181\11358\hotspot\src\share\vm\prim
Event: 0.189 Thread 0x0000000002d16800 Exception <a 'java/security/PrivilegedActionException'> (0x00000000d6821088) thrown at [C:\re\workspace\8-2-build-windows-amd64-cygwin\jdk8u181\11358\hotspot\src\share\vm\prims\jvm.cpp, line 1435]
Event: 0.189 Thread 0x0000000002d16800 Exception <a 'java/security/PrivilegedActionException'> (0x00000000d6821298) thrown at [C:\re\workspace\8-2-build-windows-amd64-cygwin\jdk8u181\11358\hotspot\src\share\vm\prims\jvm.cpp, line 1435]
Event: 0.318 Thread 0x0000000002d16800 Exception <a 'java/security/PrivilegedActionException'> (0x00000000d6aa0488) thrown at [C:\re\workspace\8-2-build-windows-amd64-cygwin\jdk8u181\11358\hotspot\src\share\vm\prims\jvm.cpp, line 1435]
Event: 0.318 Thread 0x0000000002d16800 Exception <a 'java/security/PrivilegedActionException'> (0x00000000d6aa0698) thrown at [C:\re\workspace\8-2-build-windows-amd64-cygwin\jdk8u181\11358\hotspot\src\share\vm\prims\jvm.cpp, line 1435]
Event: 0.319 Thread 0x0000000002d16800 Exception <a 'java/security/PrivilegedActionException'> (0x00000000d6aa4308) thrown at [C:\re\workspace\8-2-build-windows-amd64-cygwin\jdk8u181\11358\hotspot\src\share\vm\prims\jvm.cpp, line 1435]
Event: 0.319 Thread 0x0000000002d16800 Exception <a 'java/security/PrivilegedActionException'> (0x00000000d6aa4518) thrown at [C:\re\workspace\8-2-build-windows-amd64-cygwin\jdk8u181\11358\hotspot\src\share\vm\prims\jvm.cpp, line 1435]

Events (10 events):
Event: 0.415 loading class org/apache/logging/log4j/core/util/Loader done
Event: 0.416 loading class org/apache/logging/log4j/core/lookup/JndiLookup
Event: 0.416 loading class org/apache/logging/log4j/core/lookup/JndiLookup done
Event: 0.416 loading class javax/naming/NamingException
Event: 0.416 loading class javax/naming/NamingException done
Event: 0.417 loading class org/apache/logging/log4j/core/lookup/JmxRuntimeInputArgumentsLookup
Event: 0.417 loading class org/apache/logging/log4j/core/lookup/JmxRuntimeInputArgumentsLookup done
Event: 0.417 loading class java/lang/management/ManagementFactory
Event: 0.418 loading class java/lang/management/ManagementFactory done
Event: 0.418 loading class sun/management/ManagementFactoryHelper


Dynamic libraries:
0x00007ff611800000 - 0x00007ff611837000 	C:\Program Files\Java\jre1.8.0_181\bin\javaw.exe
0x00007ffbad7f0000 - 0x00007ffbad9d1000 	C:\WINDOWS\SYSTEM32\ntdll.dll
0x00007ffb7d430000 - 0x00007ffb7d444000 	C:\Program Files\AVAST Software\Avast\x64\aswhooka.dll
0x00007ffbaac80000 - 0x00007ffbaad32000 	C:\WINDOWS\System32\KERNEL32.DLL
0x00007ffba9bc0000 - 0x00007ffba9e33000 	C:\WINDOWS\System32\KERNELBASE.dll
0x00007ffbacb00000 - 0x00007ffbacba1000 	C:\WINDOWS\System32\ADVAPI32.dll
0x00007ffbacc20000 - 0x00007ffbaccbe000 	C:\WINDOWS\System32\msvcrt.dll
0x00007ffbad700000 - 0x00007ffbad75b000 	C:\WINDOWS\System32\sechost.dll
0x00007ffbad5d0000 - 0x00007ffbad6f4000 	C:\WINDOWS\System32\RPCRT4.dll
0x00007ffbad410000 - 0x00007ffbad5a0000 	C:\WINDOWS\System32\USER32.dll
0x00007ffbaa8e0000 - 0x00007ffbaa900000 	C:\WINDOWS\System32\win32u.dll
0x00007ffbaca00000 - 0x00007ffbaca28000 	C:\WINDOWS\System32\GDI32.dll
0x00007ffbaa030000 - 0x00007ffbaa1c2000 	C:\WINDOWS\System32\gdi32full.dll
0x00007ffbaa900000 - 0x00007ffbaa99f000 	C:\WINDOWS\System32\msvcp_win.dll
0x00007ffbaab30000 - 0x00007ffbaac2a000 	C:\WINDOWS\System32\ucrtbase.dll
0x00007ffb96300000 - 0x00007ffb96569000 	C:\WINDOWS\WinSxS\amd64_microsoft.windows.common-controls_6595b64144ccf1df_6.0.17134.407_none_fb449d63306391e9\COMCTL32.dll
0x00007ffbacf20000 - 0x00007ffbad242000 	C:\WINDOWS\System32\combase.dll
0x00007ffbaa9a0000 - 0x00007ffbaaa1a000 	C:\WINDOWS\System32\bcryptPrimitives.dll
0x00007ffbad5a0000 - 0x00007ffbad5cd000 	C:\WINDOWS\System32\IMM32.DLL
0x0000000063610000 - 0x00000000636e2000 	C:\Program Files\Java\jre1.8.0_181\bin\msvcr100.dll
0x00000000636f0000 - 0x0000000063f92000 	C:\Program Files\Java\jre1.8.0_181\bin\server\jvm.dll
0x00007ffbac360000 - 0x00007ffbac368000 	C:\WINDOWS\System32\PSAPI.DLL
0x00007ffb929d0000 - 0x00007ffb929d9000 	C:\WINDOWS\SYSTEM32\WSOCK32.dll
0x00007ffbacbb0000 - 0x00007ffbacc1c000 	C:\WINDOWS\System32\WS2_32.dll
0x00007ffba6bc0000 - 0x00007ffba6be3000 	C:\WINDOWS\SYSTEM32\WINMM.dll
0x00007ffba35f0000 - 0x00007ffba35fa000 	C:\WINDOWS\SYSTEM32\VERSION.dll
0x00007ffba6b90000 - 0x00007ffba6bba000 	C:\WINDOWS\SYSTEM32\WINMMBASE.dll
0x00007ffbaac30000 - 0x00007ffbaac79000 	C:\WINDOWS\System32\cfgmgr32.dll
0x0000000063600000 - 0x000000006360f000 	C:\Program Files\Java\jre1.8.0_181\bin\verify.dll
0x00000000635d0000 - 0x00000000635f9000 	C:\Program Files\Java\jre1.8.0_181\bin\java.dll
0x00000000635b0000 - 0x00000000635c6000 	C:\Program Files\Java\jre1.8.0_181\bin\zip.dll
0x00007ffbaaea0000 - 0x00007ffbac2df000 	C:\WINDOWS\System32\SHELL32.dll
0x00007ffbac950000 - 0x00007ffbac9f9000 	C:\WINDOWS\System32\shcore.dll
0x00007ffbaa1d0000 - 0x00007ffbaa8dd000 	C:\WINDOWS\System32\windows.storage.dll
0x00007ffbaae40000 - 0x00007ffbaae91000 	C:\WINDOWS\System32\shlwapi.dll
0x00007ffba9b60000 - 0x00007ffba9b71000 	C:\WINDOWS\System32\kernel.appcore.dll
0x00007ffba9ba0000 - 0x00007ffba9bbf000 	C:\WINDOWS\System32\profapi.dll
0x00007ffba9b10000 - 0x00007ffba9b5c000 	C:\WINDOWS\System32\powrprof.dll
0x00007ffba9b00000 - 0x00007ffba9b0a000 	C:\WINDOWS\System32\FLTLIB.DLL
0x0000000063530000 - 0x000000006353d000 	C:\Program Files\Java\jre1.8.0_181\bin\management.dll

VM Arguments:
jvm_args: -Dfile.encoding=UTF-8 
java_command: com.itacademy.jd2.ikarotki.rwmanager.web.StartJetty
java_class_path (initial): D:\jd2.ikarotki\project\web\target\test-classes;D:\jd2.ikarotki\project\web\target\classes;D:\jd2.ikarotki\project\service\target\classes;C:\Users\johnn\.m2\repository\org\springframework\spring-context\5.0.0.RELEASE\spring-context-5.0.0.RELEASE.jar;D:\jd2.ikarotki\project\dao-orm-impl\target\classes;D:\jd2.ikarotki\project\dao-api\target\classes;C:\Users\johnn\.m2\repository\org\jboss\logging\jboss-logging\3.2.0.Final\jboss-logging-3.2.0.Final.jar;C:\Users\johnn\.m2\repository\org\apache\logging\log4j\log4j-api\2.1\log4j-api-2.1.jar;C:\Users\johnn\.m2\repository\org\apache\logging\log4j\log4j-core\2.1\log4j-core-2.1.jar;C:\Users\johnn\.m2\repository\org\apache\logging\log4j\log4j-slf4j-impl\2.1\log4j-slf4j-impl-2.1.jar;C:\Users\johnn\.m2\repository\org\apache\logging\log4j\log4j-jcl\2.1\log4j-jcl-2.1.jar;C:\Users\johnn\.m2\repository\commons-logging\commons-logging\1.2\commons-logging-1.2.jar;C:\Users\johnn\.m2\repository\org\springframework\spring-orm\5.0.0.RELEASE\spring-orm-5.0.0.RELEASE.jar;C:\Users\johnn\.m2\repository\org\hibernate\javax\persistence\hibernate-jpa-2.1-api\1.0.0.Final\hibernate-jpa-2.1-api-1.0.0.Final.jar;C:\Users\johnn\.m2\repository\org\hibernate\hibernate-entitymanager\4.3.8.Final\hibernate-entitymanager-4.3.8.Final.jar;C:\Users\johnn\.m2\repository\org\jboss\logging\jboss-logging-annotations\1.2.0.Beta1\jboss-logging-annotations-1.2.0.Beta1.jar;C:\Users\johnn\.m2\repository\org\hibernate\hibernate-core\4.3.8.Final\hibernate-core-4.3.8.Final.jar;C:\Users\johnn\.m2\repository\antlr\antlr\2.7.7\antlr-2.7.7.jar;C:\Users\johnn\.m2\repository\org\jboss\jandex\1.1.0.Final\jandex-1.1.0.Final.jar;C:\Users\johnn\.m2\repository\dom4j\dom4j\1.6.1\dom4j-1.6.1.jar;C:\Users\johnn\.m2\repository\xml-apis\xml-apis\1.0.b2\xml-apis-1.0.b2.jar;C:\Users\johnn\.m2\repository\org\hibernate\common\hibernate-commons-annotations\4.0.5.Final\hibernate-commons-annotations-4.0.5.Final.jar;C:\Users\johnn\.m2\repository\org\jboss\spec\javax\t
Launcher Type: SUN_STANDARD

Environment Variables:
JAVA_HOME=C:\Program Files\Java\jdk1.8.0_181
PATH=C:/Program Files/Java/jre1.8.0_181/bin/server;C:/Program Files/Java/jre1.8.0_181/bin;C:/Program Files/Java/jre1.8.0_181/lib/amd64;C:\Program Files (x86)\Common Files\Oracle\Java\javapath;C:\WINDOWS\system32;C:\WINDOWS;C:\WINDOWS\System32\Wbem;C:\WINDOWS\System32\WindowsPowerShell\v1.0\;C:\WINDOWS\System32\OpenSSH\;C:\Program Files\Git\cmd;C:\Program Files\PostgreSQL\10\bin;C:\Program Files\PostgreSQL\10\lib;C:\Users\johnn\AppData\Local\Microsoft\WindowsApps;C:\Program Files\Java\jdk1.8.0_181\bin;C:\Program Files\apache-maven-3.5.4\\bin;;C:\Users\johnn\OneDrive\??????? ????;
USERNAME=johnn
OS=Windows_NT
PROCESSOR_IDENTIFIER=Intel64 Family 6 Model 158 Stepping 10, GenuineIntel



---------------  S Y S T E M  ---------------

OS: Windows 10.0 , 64 bit Build 17134 (10.0.17134.1)

CPU:total 8 (initial active 8) (4 cores per cpu, 2 threads per core) family 6 model 158 stepping 10, cmov, cx8, fxsr, mmx, sse, sse2, sse3, ssse3, sse4.1, sse4.2, popcnt, avx, avx2, aes, clmul, erms, 3dnowpref, lzcnt, ht, tsc, tscinvbit, bmi1, bmi2, adx

Memory: 4k page, physical 8178460k(3003964k free), swap 14994840k(444k free)

vm_info: Java HotSpot(TM) 64-Bit Server VM (25.181-b13) for windows-amd64 JRE (1.8.0_181-b13), built on Jul  7 2018 04:01:33 by "java_re" with MS VC++ 10.0 (VS2010)

time: Wed Nov 21 18:46:57 2018
elapsed time: 0 seconds (0d 0h 0m 0s)

